2018-12-17 16:08:06,923 [restartedMain] INFO c.c.e.ExampleApplication - Starting ExampleApplication on da00528 with PID 25789 (/home/lucas-coelho/workspace/my-projects/elk/elk-example/example/target/classes started by lucas-coelho in /home/lucas-coelho/workspace/my-projects/elk/elk-example/example)
2018-12-17 16:08:06,925 [restartedMain] INFO c.c.e.ExampleApplication - No active profile set, falling back to default profiles: default
2018-12-17 16:08:06,971 [restartedMain] INFO o.s.b.c.e.AnnotationConfigEmbeddedWebApplicationContext - Refreshing org.springframework.boot.context.embedded.AnnotationConfigEmbeddedWebApplicationContext@8b16ca1: startup date [Mon Dec 17 16:08:06 BRST 2018]; root of context hierarchy
2018-12-17 16:08:07,069 [background-preinit] INFO o.h.v.i.u.Version - HV000001: Hibernate Validator 5.3.4.Final
2018-12-17 16:08:08,115 [restartedMain] INFO o.s.b.c.e.t.TomcatEmbeddedServletContainer - Tomcat initialized with port(s): 8000 (http)
2018-12-17 16:08:08,124 [restartedMain] INFO o.a.c.c.StandardService - Starting service Tomcat
2018-12-17 16:08:08,125 [restartedMain] INFO o.a.c.c.StandardEngine - Starting Servlet Engine: Apache Tomcat/8.5.11
2018-12-17 16:08:08,189 [localhost-startStop-1] INFO o.a.c.c.C.[.[.[/] - Initializing Spring embedded WebApplicationContext
2018-12-17 16:08:08,190 [localhost-startStop-1] INFO o.s.w.c.ContextLoader - Root WebApplicationContext: initialization completed in 1219 ms
2018-12-17 16:08:08,334 [localhost-startStop-1] INFO o.s.b.w.s.ServletRegistrationBean - Mapping servlet: 'dispatcherServlet' to [/]
2018-12-17 16:08:08,337 [localhost-startStop-1] INFO o.s.b.w.s.FilterRegistrationBean - Mapping filter: 'metricsFilter' to: [/*]
2018-12-17 16:08:08,337 [localhost-startStop-1] INFO o.s.b.w.s.FilterRegistrationBean - Mapping filter: 'characterEncodingFilter' to: [/*]
2018-12-17 16:08:08,337 [localhost-startStop-1] INFO o.s.b.w.s.FilterRegistrationBean - Mapping filter: 'hiddenHttpMethodFilter' to: [/*]
2018-12-17 16:08:08,338 [localhost-startStop-1] INFO o.s.b.w.s.FilterRegistrationBean - Mapping filter: 'httpPutFormContentFilter' to: [/*]
2018-12-17 16:08:08,338 [localhost-startStop-1] INFO o.s.b.w.s.FilterRegistrationBean - Mapping filter: 'requestContextFilter' to: [/*]
2018-12-17 16:08:08,338 [localhost-startStop-1] INFO o.s.b.w.s.FilterRegistrationBean - Mapping filter: 'webRequestLoggingFilter' to: [/*]
2018-12-17 16:08:08,338 [localhost-startStop-1] INFO o.s.b.w.s.FilterRegistrationBean - Mapping filter: 'applicationContextIdFilter' to: [/*]
2018-12-17 16:08:08,565 [restartedMain] INFO o.s.w.s.m.m.a.RequestMappingHandlerAdapter - Looking for @ControllerAdvice: org.springframework.boot.context.embedded.AnnotationConfigEmbeddedWebApplicationContext@8b16ca1: startup date [Mon Dec 17 16:08:06 BRST 2018]; root of context hierarchy
2018-12-17 16:08:08,609 [restartedMain] INFO o.s.w.s.m.m.a.RequestMappingHandlerMapping - Mapped "{[/hello],methods=[GET]}" onto public com.coelho.example.User com.coelho.example.UserController.greeting(java.lang.String)
2018-12-17 16:08:08,610 [restartedMain] INFO o.s.w.s.m.m.a.RequestMappingHandlerMapping - Mapped "{[/]}" onto public org.springframework.http.ResponseEntity<java.lang.String> com.coelho.example.UserController.welcome()
2018-12-17 16:08:08,613 [restartedMain] INFO o.s.w.s.m.m.a.RequestMappingHandlerMapping - Mapped "{[/error],produces=[text/html]}" onto public org.springframework.web.servlet.ModelAndView org.springframework.boot.autoconfigure.web.BasicErrorController.errorHtml(javax.servlet.http.HttpServletRequest,javax.servlet.http.HttpServletResponse)
2018-12-17 16:08:08,613 [restartedMain] INFO o.s.w.s.m.m.a.RequestMappingHandlerMapping - Mapped "{[/error]}" onto public org.springframework.http.ResponseEntity<java.util.Map<java.lang.String, java.lang.Object>> org.springframework.boot.autoconfigure.web.BasicErrorController.error(javax.servlet.http.HttpServletRequest)
2018-12-17 16:08:08,635 [restartedMain] INFO o.s.w.s.h.SimpleUrlHandlerMapping - Mapped URL path [/webjars/**] onto handler of type [class org.springframework.web.servlet.resource.ResourceHttpRequestHandler]
2018-12-17 16:08:08,635 [restartedMain] INFO o.s.w.s.h.SimpleUrlHandlerMapping - Mapped URL path [/**] onto handler of type [class org.springframework.web.servlet.resource.ResourceHttpRequestHandler]
2018-12-17 16:08:08,659 [restartedMain] INFO o.s.w.s.h.SimpleUrlHandlerMapping - Mapped URL path [/**/favicon.ico] onto handler of type [class org.springframework.web.servlet.resource.ResourceHttpRequestHandler]
2018-12-17 16:08:08,872 [restartedMain] INFO o.s.b.a.e.m.EndpointHandlerMapping - Mapped "{[/metrics/{name:.*}],methods=[GET],produces=[application/vnd.spring-boot.actuator.v1+json || application/json]}" onto public java.lang.Object org.springframework.boot.actuate.endpoint.mvc.MetricsMvcEndpoint.value(java.lang.String)
2018-12-17 16:08:08,873 [restartedMain] INFO o.s.b.a.e.m.EndpointHandlerMapping - Mapped "{[/metrics || /metrics.json],methods=[GET],produces=[application/vnd.spring-boot.actuator.v1+json || application/json]}" onto public java.lang.Object org.springframework.boot.actuate.endpoint.mvc.EndpointMvcAdapter.invoke()
2018-12-17 16:08:08,873 [restartedMain] INFO o.s.b.a.e.m.EndpointHandlerMapping - Mapped "{[/beans || /beans.json],methods=[GET],produces=[application/vnd.spring-boot.actuator.v1+json || application/json]}" onto public java.lang.Object org.springframework.boot.actuate.endpoint.mvc.EndpointMvcAdapter.invoke()
2018-12-17 16:08:08,874 [restartedMain] INFO o.s.b.a.e.m.EndpointHandlerMapping - Mapped "{[/info || /info.json],methods=[GET],produces=[application/vnd.spring-boot.actuator.v1+json || application/json]}" onto public java.lang.Object org.springframework.boot.actuate.endpoint.mvc.EndpointMvcAdapter.invoke()
2018-12-17 16:08:08,876 [restartedMain] INFO o.s.b.a.e.m.EndpointHandlerMapping - Mapped "{[/loggers/{name:.*}],methods=[GET],produces=[application/vnd.spring-boot.actuator.v1+json || application/json]}" onto public java.lang.Object org.springframework.boot.actuate.endpoint.mvc.LoggersMvcEndpoint.get(java.lang.String)
2018-12-17 16:08:08,876 [restartedMain] INFO o.s.b.a.e.m.EndpointHandlerMapping - Mapped "{[/loggers/{name:.*}],methods=[POST],consumes=[application/vnd.spring-boot.actuator.v1+json || application/json],produces=[application/vnd.spring-boot.actuator.v1+json || application/json]}" onto public java.lang.Object org.springframework.boot.actuate.endpoint.mvc.LoggersMvcEndpoint.set(java.lang.String,java.util.Map<java.lang.String, java.lang.String>)
2018-12-17 16:08:08,876 [restartedMain] INFO o.s.b.a.e.m.EndpointHandlerMapping - Mapped "{[/loggers || /loggers.json],methods=[GET],produces=[application/vnd.spring-boot.actuator.v1+json || application/json]}" onto public java.lang.Object org.springframework.boot.actuate.endpoint.mvc.EndpointMvcAdapter.invoke()
2018-12-17 16:08:08,877 [restartedMain] INFO o.s.b.a.e.m.EndpointHandlerMapping - Mapped "{[/logfile || /logfile.json],methods=[GET || HEAD]}" onto public void org.springframework.boot.actuate.endpoint.mvc.LogFileMvcEndpoint.invoke(javax.servlet.http.HttpServletRequest,javax.servlet.http.HttpServletResponse) throws javax.servlet.ServletException,java.io.IOException
2018-12-17 16:08:08,878 [restartedMain] INFO o.s.b.a.e.m.EndpointHandlerMapping - Mapped "{[/auditevents || /auditevents.json],methods=[GET],produces=[application/vnd.spring-boot.actuator.v1+json || application/json]}" onto public org.springframework.http.ResponseEntity<?> org.springframework.boot.actuate.endpoint.mvc.AuditEventsMvcEndpoint.findByPrincipalAndAfterAndType(java.lang.String,java.util.Date,java.lang.String)
2018-12-17 16:08:08,878 [restartedMain] INFO o.s.b.a.e.m.EndpointHandlerMapping - Mapped "{[/heapdump || /heapdump.json],methods=[GET],produces=[application/octet-stream]}" onto public void org.springframework.boot.actuate.endpoint.mvc.HeapdumpMvcEndpoint.invoke(boolean,javax.servlet.http.HttpServletRequest,javax.servlet.http.HttpServletResponse) throws java.io.IOException,javax.servlet.ServletException
2018-12-17 16:08:08,880 [restartedMain] INFO o.s.b.a.e.m.EndpointHandlerMapping - Mapped "{[/mappings || /mappings.json],methods=[GET],produces=[application/vnd.spring-boot.actuator.v1+json || application/json]}" onto public java.lang.Object org.springframework.boot.actuate.endpoint.mvc.EndpointMvcAdapter.invoke()
2018-12-17 16:08:08,881 [restartedMain] INFO o.s.b.a.e.m.EndpointHandlerMapping - Mapped "{[/dump || /dump.json],methods=[GET],produces=[application/vnd.spring-boot.actuator.v1+json || application/json]}" onto public java.lang.Object org.springframework.boot.actuate.endpoint.mvc.EndpointMvcAdapter.invoke()
2018-12-17 16:08:08,882 [restartedMain] INFO o.s.b.a.e.m.EndpointHandlerMapping - Mapped "{[/autoconfig || /autoconfig.json],methods=[GET],produces=[application/vnd.spring-boot.actuator.v1+json || application/json]}" onto public java.lang.Object org.springframework.boot.actuate.endpoint.mvc.EndpointMvcAdapter.invoke()
2018-12-17 16:08:08,882 [restartedMain] INFO o.s.b.a.e.m.EndpointHandlerMapping - Mapped "{[/env/{name:.*}],methods=[GET],produces=[application/vnd.spring-boot.actuator.v1+json || application/json]}" onto public java.lang.Object org.springframework.boot.actuate.endpoint.mvc.EnvironmentMvcEndpoint.value(java.lang.String)
2018-12-17 16:08:08,883 [restartedMain] INFO o.s.b.a.e.m.EndpointHandlerMapping - Mapped "{[/env || /env.json],methods=[GET],produces=[application/vnd.spring-boot.actuator.v1+json || application/json]}" onto public java.lang.Object org.springframework.boot.actuate.endpoint.mvc.EndpointMvcAdapter.invoke()
2018-12-17 16:08:08,883 [restartedMain] INFO o.s.b.a.e.m.EndpointHandlerMapping - Mapped "{[/configprops || /configprops.json],methods=[GET],produces=[application/vnd.spring-boot.actuator.v1+json || application/json]}" onto public java.lang.Object org.springframework.boot.actuate.endpoint.mvc.EndpointMvcAdapter.invoke()
2018-12-17 16:08:08,884 [restartedMain] INFO o.s.b.a.e.m.EndpointHandlerMapping - Mapped "{[/trace || /trace.json],methods=[GET],produces=[application/vnd.spring-boot.actuator.v1+json || application/json]}" onto public java.lang.Object org.springframework.boot.actuate.endpoint.mvc.EndpointMvcAdapter.invoke()
2018-12-17 16:08:08,884 [restartedMain] INFO o.s.b.a.e.m.EndpointHandlerMapping - Mapped "{[/health || /health.json],methods=[GET],produces=[application/vnd.spring-boot.actuator.v1+json || application/json]}" onto public java.lang.Object org.springframework.boot.actuate.endpoint.mvc.HealthMvcEndpoint.invoke(javax.servlet.http.HttpServletRequest,java.security.Principal)
2018-12-17 16:08:08,936 [restartedMain] INFO o.s.b.d.a.OptionalLiveReloadServer - LiveReload server is running on port 35729
2018-12-17 16:08:08,982 [restartedMain] INFO o.s.j.e.a.AnnotationMBeanExporter - Registering beans for JMX exposure on startup
2018-12-17 16:08:08,989 [restartedMain] INFO o.s.b.a.e.j.EndpointMBeanExporter - Registering beans for JMX exposure on startup
2018-12-17 16:08:08,993 [restartedMain] INFO o.s.c.s.DefaultLifecycleProcessor - Starting beans in phase 0
2018-12-17 16:08:08,996 [restartedMain] INFO o.s.b.a.e.j.EndpointMBeanExporter - Located managed bean 'auditEventsEndpoint': registering with JMX server as MBean [org.springframework.boot:type=Endpoint,name=auditEventsEndpoint]
2018-12-17 16:08:09,012 [restartedMain] INFO o.s.b.a.e.j.EndpointMBeanExporter - Located managed bean 'requestMappingEndpoint': registering with JMX server as MBean [org.springframework.boot:type=Endpoint,name=requestMappingEndpoint]
2018-12-17 16:08:09,022 [restartedMain] INFO o.s.b.a.e.j.EndpointMBeanExporter - Located managed bean 'environmentEndpoint': registering with JMX server as MBean [org.springframework.boot:type=Endpoint,name=environmentEndpoint]
2018-12-17 16:08:09,030 [restartedMain] INFO o.s.b.a.e.j.EndpointMBeanExporter - Located managed bean 'healthEndpoint': registering with JMX server as MBean [org.springframework.boot:type=Endpoint,name=healthEndpoint]
2018-12-17 16:08:09,033 [restartedMain] INFO o.s.b.a.e.j.EndpointMBeanExporter - Located managed bean 'beansEndpoint': registering with JMX server as MBean [org.springframework.boot:type=Endpoint,name=beansEndpoint]
2018-12-17 16:08:09,038 [restartedMain] INFO o.s.b.a.e.j.EndpointMBeanExporter - Located managed bean 'infoEndpoint': registering with JMX server as MBean [org.springframework.boot:type=Endpoint,name=infoEndpoint]
2018-12-17 16:08:09,041 [restartedMain] INFO o.s.b.a.e.j.EndpointMBeanExporter - Located managed bean 'loggersEndpoint': registering with JMX server as MBean [org.springframework.boot:type=Endpoint,name=loggersEndpoint]
2018-12-17 16:08:09,047 [restartedMain] INFO o.s.b.a.e.j.EndpointMBeanExporter - Located managed bean 'metricsEndpoint': registering with JMX server as MBean [org.springframework.boot:type=Endpoint,name=metricsEndpoint]
2018-12-17 16:08:09,050 [restartedMain] INFO o.s.b.a.e.j.EndpointMBeanExporter - Located managed bean 'traceEndpoint': registering with JMX server as MBean [org.springframework.boot:type=Endpoint,name=traceEndpoint]
2018-12-17 16:08:09,052 [restartedMain] INFO o.s.b.a.e.j.EndpointMBeanExporter - Located managed bean 'dumpEndpoint': registering with JMX server as MBean [org.springframework.boot:type=Endpoint,name=dumpEndpoint]
2018-12-17 16:08:09,055 [restartedMain] INFO o.s.b.a.e.j.EndpointMBeanExporter - Located managed bean 'autoConfigurationReportEndpoint': registering with JMX server as MBean [org.springframework.boot:type=Endpoint,name=autoConfigurationReportEndpoint]
2018-12-17 16:08:09,058 [restartedMain] INFO o.s.b.a.e.j.EndpointMBeanExporter - Located managed bean 'configurationPropertiesReportEndpoint': registering with JMX server as MBean [org.springframework.boot:type=Endpoint,name=configurationPropertiesReportEndpoint]
2018-12-17 16:08:09,076 [restartedMain] INFO o.a.c.h.Http11NioProtocol - Initializing ProtocolHandler ["http-nio-8000"]
2018-12-17 16:08:09,085 [restartedMain] INFO o.a.c.h.Http11NioProtocol - Starting ProtocolHandler [http-nio-8000]
2018-12-17 16:08:09,089 [restartedMain] INFO o.a.t.u.n.NioSelectorPool - Using a shared selector for servlet write/read
2018-12-17 16:08:09,101 [restartedMain] INFO o.s.b.c.e.t.TomcatEmbeddedServletContainer - Tomcat started on port(s): 8000 (http)
2018-12-17 16:08:09,104 [restartedMain] INFO c.c.e.ExampleApplication - Started ExampleApplication in 2.355 seconds (JVM running for 2.752)
2018-12-17 16:08:20,823 [http-nio-8000-exec-1] INFO o.a.c.c.C.[.[.[/] - Initializing Spring FrameworkServlet 'dispatcherServlet'
2018-12-17 16:08:20,823 [http-nio-8000-exec-1] INFO o.s.w.s.DispatcherServlet - FrameworkServlet 'dispatcherServlet': initialization started
2018-12-17 16:08:20,832 [http-nio-8000-exec-1] INFO o.s.w.s.DispatcherServlet - FrameworkServlet 'dispatcherServlet': initialization completed in 9 ms
2018-12-17 16:08:20,858 [http-nio-8000-exec-1] ERROR c.c.e.UserController - ====> This is an error log
2018-12-17 16:08:20,858 [http-nio-8000-exec-1] INFO c.c.e.UserController - ====> This is an info log
2018-12-17 16:08:20,858 [http-nio-8000-exec-1] WARN c.c.e.UserController - ====> This is an warn log
2018-12-17 16:08:21,820 [http-nio-8000-exec-3] ERROR c.c.e.UserController - ====> This is an error log
2018-12-17 16:08:21,820 [http-nio-8000-exec-3] INFO c.c.e.UserController - ====> This is an info log
2018-12-17 16:08:21,821 [http-nio-8000-exec-3] WARN c.c.e.UserController - ====> This is an warn log
2018-12-17 16:08:23,906 [http-nio-8000-exec-5] ERROR c.c.e.UserController - ====> This is an error log
2018-12-17 16:08:23,907 [http-nio-8000-exec-5] INFO c.c.e.UserController - ====> This is an info log
2018-12-17 16:08:23,907 [http-nio-8000-exec-5] WARN c.c.e.UserController - ====> This is an warn log
2018-12-17 16:09:26,893 [Thread-13] INFO o.s.b.c.e.AnnotationConfigEmbeddedWebApplicationContext - Closing org.springframework.boot.context.embedded.AnnotationConfigEmbeddedWebApplicationContext@8b16ca1: startup date [Mon Dec 17 16:08:06 BRST 2018]; root of context hierarchy
2018-12-17 16:09:26,897 [Thread-13] INFO o.s.c.s.DefaultLifecycleProcessor - Stopping beans in phase 0
2018-12-17 16:09:26,900 [Thread-13] INFO o.s.b.a.e.j.EndpointMBeanExporter - Unregistering JMX-exposed beans on shutdown
2018-12-17 16:09:26,901 [Thread-13] INFO o.s.b.a.e.j.EndpointMBeanExporter - Unregistering JMX-exposed beans
2018-12-17 16:09:26,903 [Thread-13] INFO o.s.j.e.a.AnnotationMBeanExporter - Unregistering JMX-exposed beans on shutdown
2018-12-17 16:10:48,716 [restartedMain] INFO c.c.e.ExampleApplication - Starting ExampleApplication on da00528 with PID 27615 (/home/lucas-coelho/workspace/my-projects/elk/elk-example/example/target/classes started by lucas-coelho in /home/lucas-coelho/workspace/my-projects/elk/elk-example/example)
2018-12-17 16:10:48,717 [restartedMain] INFO c.c.e.ExampleApplication - No active profile set, falling back to default profiles: default
2018-12-17 16:10:48,769 [restartedMain] INFO o.s.b.c.e.AnnotationConfigEmbeddedWebApplicationContext - Refreshing org.springframework.boot.context.embedded.AnnotationConfigEmbeddedWebApplicationContext@69bc5ee1: startup date [Mon Dec 17 16:10:48 BRST 2018]; root of context hierarchy
2018-12-17 16:10:48,932 [background-preinit] INFO o.h.v.i.u.Version - HV000001: Hibernate Validator 5.3.4.Final
2018-12-17 16:10:49,944 [restartedMain] INFO o.s.b.c.e.t.TomcatEmbeddedServletContainer - Tomcat initialized with port(s): 8000 (http)
2018-12-17 16:10:49,951 [restartedMain] INFO o.a.c.c.StandardService - Starting service Tomcat
2018-12-17 16:10:49,952 [restartedMain] INFO o.a.c.c.StandardEngine - Starting Servlet Engine: Apache Tomcat/8.5.11
2018-12-17 16:10:50,014 [localhost-startStop-1] INFO o.a.c.c.C.[.[.[/] - Initializing Spring embedded WebApplicationContext
2018-12-17 16:10:50,014 [localhost-startStop-1] INFO o.s.w.c.ContextLoader - Root WebApplicationContext: initialization completed in 1245 ms
2018-12-17 16:10:50,154 [localhost-startStop-1] INFO o.s.b.w.s.ServletRegistrationBean - Mapping servlet: 'dispatcherServlet' to [/]
2018-12-17 16:10:50,156 [localhost-startStop-1] INFO o.s.b.w.s.FilterRegistrationBean - Mapping filter: 'metricsFilter' to: [/*]
2018-12-17 16:10:50,156 [localhost-startStop-1] INFO o.s.b.w.s.FilterRegistrationBean - Mapping filter: 'characterEncodingFilter' to: [/*]
2018-12-17 16:10:50,156 [localhost-startStop-1] INFO o.s.b.w.s.FilterRegistrationBean - Mapping filter: 'hiddenHttpMethodFilter' to: [/*]
2018-12-17 16:10:50,156 [localhost-startStop-1] INFO o.s.b.w.s.FilterRegistrationBean - Mapping filter: 'httpPutFormContentFilter' to: [/*]
2018-12-17 16:10:50,157 [localhost-startStop-1] INFO o.s.b.w.s.FilterRegistrationBean - Mapping filter: 'requestContextFilter' to: [/*]
2018-12-17 16:10:50,157 [localhost-startStop-1] INFO o.s.b.w.s.FilterRegistrationBean - Mapping filter: 'webRequestLoggingFilter' to: [/*]
2018-12-17 16:10:50,157 [localhost-startStop-1] INFO o.s.b.w.s.FilterRegistrationBean - Mapping filter: 'applicationContextIdFilter' to: [/*]
2018-12-17 16:10:50,343 [restartedMain] INFO o.s.w.s.m.m.a.RequestMappingHandlerAdapter - Looking for @ControllerAdvice: org.springframework.boot.context.embedded.AnnotationConfigEmbeddedWebApplicationContext@69bc5ee1: startup date [Mon Dec 17 16:10:48 BRST 2018]; root of context hierarchy
2018-12-17 16:10:50,397 [restartedMain] INFO o.s.w.s.m.m.a.RequestMappingHandlerMapping - Mapped "{[/hello],methods=[GET]}" onto public com.coelho.example.User com.coelho.example.UserController.greeting(java.lang.String)
2018-12-17 16:10:50,398 [restartedMain] INFO o.s.w.s.m.m.a.RequestMappingHandlerMapping - Mapped "{[/]}" onto public org.springframework.http.ResponseEntity<java.lang.String> com.coelho.example.UserController.welcome()
2018-12-17 16:10:50,401 [restartedMain] INFO o.s.w.s.m.m.a.RequestMappingHandlerMapping - Mapped "{[/error],produces=[text/html]}" onto public org.springframework.web.servlet.ModelAndView org.springframework.boot.autoconfigure.web.BasicErrorController.errorHtml(javax.servlet.http.HttpServletRequest,javax.servlet.http.HttpServletResponse)
2018-12-17 16:10:50,401 [restartedMain] INFO o.s.w.s.m.m.a.RequestMappingHandlerMapping - Mapped "{[/error]}" onto public org.springframework.http.ResponseEntity<java.util.Map<java.lang.String, java.lang.Object>> org.springframework.boot.autoconfigure.web.BasicErrorController.error(javax.servlet.http.HttpServletRequest)
2018-12-17 16:10:50,431 [restartedMain] INFO o.s.w.s.h.SimpleUrlHandlerMapping - Mapped URL path [/webjars/**] onto handler of type [class org.springframework.web.servlet.resource.ResourceHttpRequestHandler]
2018-12-17 16:10:50,431 [restartedMain] INFO o.s.w.s.h.SimpleUrlHandlerMapping - Mapped URL path [/**] onto handler of type [class org.springframework.web.servlet.resource.ResourceHttpRequestHandler]
2018-12-17 16:10:50,461 [restartedMain] INFO o.s.w.s.h.SimpleUrlHandlerMapping - Mapped URL path [/**/favicon.ico] onto handler of type [class org.springframework.web.servlet.resource.ResourceHttpRequestHandler]
2018-12-17 16:10:50,674 [restartedMain] INFO o.s.b.a.e.m.EndpointHandlerMapping - Mapped "{[/trace || /trace.json],methods=[GET],produces=[application/vnd.spring-boot.actuator.v1+json || application/json]}" onto public java.lang.Object org.springframework.boot.actuate.endpoint.mvc.EndpointMvcAdapter.invoke()
2018-12-17 16:10:50,674 [restartedMain] INFO o.s.b.a.e.m.EndpointHandlerMapping - Mapped "{[/logfile || /logfile.json],methods=[GET || HEAD]}" onto public void org.springframework.boot.actuate.endpoint.mvc.LogFileMvcEndpoint.invoke(javax.servlet.http.HttpServletRequest,javax.servlet.http.HttpServletResponse) throws javax.servlet.ServletException,java.io.IOException
2018-12-17 16:10:50,675 [restartedMain] INFO o.s.b.a.e.m.EndpointHandlerMapping - Mapped "{[/mappings || /mappings.json],methods=[GET],produces=[application/vnd.spring-boot.actuator.v1+json || application/json]}" onto public java.lang.Object org.springframework.boot.actuate.endpoint.mvc.EndpointMvcAdapter.invoke()
2018-12-17 16:10:50,677 [restartedMain] INFO o.s.b.a.e.m.EndpointHandlerMapping - Mapped "{[/loggers/{name:.*}],methods=[GET],produces=[application/vnd.spring-boot.actuator.v1+json || application/json]}" onto public java.lang.Object org.springframework.boot.actuate.endpoint.mvc.LoggersMvcEndpoint.get(java.lang.String)
2018-12-17 16:10:50,677 [restartedMain] INFO o.s.b.a.e.m.EndpointHandlerMapping - Mapped "{[/loggers/{name:.*}],methods=[POST],consumes=[application/vnd.spring-boot.actuator.v1+json || application/json],produces=[application/vnd.spring-boot.actuator.v1+json || application/json]}" onto public java.lang.Object org.springframework.boot.actuate.endpoint.mvc.LoggersMvcEndpoint.set(java.lang.String,java.util.Map<java.lang.String, java.lang.String>)
2018-12-17 16:10:50,677 [restartedMain] INFO o.s.b.a.e.m.EndpointHandlerMapping - Mapped "{[/loggers || /loggers.json],methods=[GET],produces=[application/vnd.spring-boot.actuator.v1+json || application/json]}" onto public java.lang.Object org.springframework.boot.actuate.endpoint.mvc.EndpointMvcAdapter.invoke()
2018-12-17 16:10:50,678 [restartedMain] INFO o.s.b.a.e.m.EndpointHandlerMapping - Mapped "{[/beans || /beans.json],methods=[GET],produces=[application/vnd.spring-boot.actuator.v1+json || application/json]}" onto public java.lang.Object org.springframework.boot.actuate.endpoint.mvc.EndpointMvcAdapter.invoke()
2018-12-17 16:10:50,680 [restartedMain] INFO o.s.b.a.e.m.EndpointHandlerMapping - Mapped "{[/metrics/{name:.*}],methods=[GET],produces=[application/vnd.spring-boot.actuator.v1+json || application/json]}" onto public java.lang.Object org.springframework.boot.actuate.endpoint.mvc.MetricsMvcEndpoint.value(java.lang.String)
2018-12-17 16:10:50,680 [restartedMain] INFO o.s.b.a.e.m.EndpointHandlerMapping - Mapped "{[/metrics || /metrics.json],methods=[GET],produces=[application/vnd.spring-boot.actuator.v1+json || application/json]}" onto public java.lang.Object org.springframework.boot.actuate.endpoint.mvc.EndpointMvcAdapter.invoke()
2018-12-17 16:10:50,682 [restartedMain] INFO o.s.b.a.e.m.EndpointHandlerMapping - Mapped "{[/autoconfig || /autoconfig.json],methods=[GET],produces=[application/vnd.spring-boot.actuator.v1+json || application/json]}" onto public java.lang.Object org.springframework.boot.actuate.endpoint.mvc.EndpointMvcAdapter.invoke()
2018-12-17 16:10:50,683 [restartedMain] INFO o.s.b.a.e.m.EndpointHandlerMapping - Mapped "{[/env/{name:.*}],methods=[GET],produces=[application/vnd.spring-boot.actuator.v1+json || application/json]}" onto public java.lang.Object org.springframework.boot.actuate.endpoint.mvc.EnvironmentMvcEndpoint.value(java.lang.String)
2018-12-17 16:10:50,684 [restartedMain] INFO o.s.b.a.e.m.EndpointHandlerMapping - Mapped "{[/env || /env.json],methods=[GET],produces=[application/vnd.spring-boot.actuator.v1+json || application/json]}" onto public java.lang.Object org.springframework.boot.actuate.endpoint.mvc.EndpointMvcAdapter.invoke()
2018-12-17 16:10:50,684 [restartedMain] INFO o.s.b.a.e.m.EndpointHandlerMapping - Mapped "{[/health || /health.json],methods=[GET],produces=[application/vnd.spring-boot.actuator.v1+json || application/json]}" onto public java.lang.Object org.springframework.boot.actuate.endpoint.mvc.HealthMvcEndpoint.invoke(javax.servlet.http.HttpServletRequest,java.security.Principal)
2018-12-17 16:10:50,685 [restartedMain] INFO o.s.b.a.e.m.EndpointHandlerMapping - Mapped "{[/info || /info.json],methods=[GET],produces=[application/vnd.spring-boot.actuator.v1+json || application/json]}" onto public java.lang.Object org.springframework.boot.actuate.endpoint.mvc.EndpointMvcAdapter.invoke()
2018-12-17 16:10:50,686 [restartedMain] INFO o.s.b.a.e.m.EndpointHandlerMapping - Mapped "{[/dump || /dump.json],methods=[GET],produces=[application/vnd.spring-boot.actuator.v1+json || application/json]}" onto public java.lang.Object org.springframework.boot.actuate.endpoint.mvc.EndpointMvcAdapter.invoke()
2018-12-17 16:10:50,687 [restartedMain] INFO o.s.b.a.e.m.EndpointHandlerMapping - Mapped "{[/auditevents || /auditevents.json],methods=[GET],produces=[application/vnd.spring-boot.actuator.v1+json || application/json]}" onto public org.springframework.http.ResponseEntity<?> org.springframework.boot.actuate.endpoint.mvc.AuditEventsMvcEndpoint.findByPrincipalAndAfterAndType(java.lang.String,java.util.Date,java.lang.String)
2018-12-17 16:10:50,688 [restartedMain] INFO o.s.b.a.e.m.EndpointHandlerMapping - Mapped "{[/heapdump || /heapdump.json],methods=[GET],produces=[application/octet-stream]}" onto public void org.springframework.boot.actuate.endpoint.mvc.HeapdumpMvcEndpoint.invoke(boolean,javax.servlet.http.HttpServletRequest,javax.servlet.http.HttpServletResponse) throws java.io.IOException,javax.servlet.ServletException
2018-12-17 16:10:50,689 [restartedMain] INFO o.s.b.a.e.m.EndpointHandlerMapping - Mapped "{[/configprops || /configprops.json],methods=[GET],produces=[application/vnd.spring-boot.actuator.v1+json || application/json]}" onto public java.lang.Object org.springframework.boot.actuate.endpoint.mvc.EndpointMvcAdapter.invoke()
2018-12-17 16:10:50,751 [restartedMain] INFO o.s.b.d.a.OptionalLiveReloadServer - LiveReload server is running on port 35729
2018-12-17 16:10:50,794 [restartedMain] INFO o.s.j.e.a.AnnotationMBeanExporter - Registering beans for JMX exposure on startup
2018-12-17 16:10:50,799 [restartedMain] INFO o.s.b.a.e.j.EndpointMBeanExporter - Registering beans for JMX exposure on startup
2018-12-17 16:10:50,803 [restartedMain] INFO o.s.c.s.DefaultLifecycleProcessor - Starting beans in phase 0
2018-12-17 16:10:50,805 [restartedMain] INFO o.s.b.a.e.j.EndpointMBeanExporter - Located managed bean 'auditEventsEndpoint': registering with JMX server as MBean [org.springframework.boot:type=Endpoint,name=auditEventsEndpoint]
2018-12-17 16:10:50,817 [restartedMain] INFO o.s.b.a.e.j.EndpointMBeanExporter - Located managed bean 'requestMappingEndpoint': registering with JMX server as MBean [org.springframework.boot:type=Endpoint,name=requestMappingEndpoint]
2018-12-17 16:10:50,826 [restartedMain] INFO o.s.b.a.e.j.EndpointMBeanExporter - Located managed bean 'environmentEndpoint': registering with JMX server as MBean [org.springframework.boot:type=Endpoint,name=environmentEndpoint]
2018-12-17 16:10:50,830 [restartedMain] INFO o.s.b.a.e.j.EndpointMBeanExporter - Located managed bean 'healthEndpoint': registering with JMX server as MBean [org.springframework.boot:type=Endpoint,name=healthEndpoint]
2018-12-17 16:10:50,832 [restartedMain] INFO o.s.b.a.e.j.EndpointMBeanExporter - Located managed bean 'beansEndpoint': registering with JMX server as MBean [org.springframework.boot:type=Endpoint,name=beansEndpoint]
2018-12-17 16:10:50,835 [restartedMain] INFO o.s.b.a.e.j.EndpointMBeanExporter - Located managed bean 'infoEndpoint': registering with JMX server as MBean [org.springframework.boot:type=Endpoint,name=infoEndpoint]
2018-12-17 16:10:50,837 [restartedMain] INFO o.s.b.a.e.j.EndpointMBeanExporter - Located managed bean 'loggersEndpoint': registering with JMX server as MBean [org.springframework.boot:type=Endpoint,name=loggersEndpoint]
2018-12-17 16:10:50,844 [restartedMain] INFO o.s.b.a.e.j.EndpointMBeanExporter - Located managed bean 'metricsEndpoint': registering with JMX server as MBean [org.springframework.boot:type=Endpoint,name=metricsEndpoint]
2018-12-17 16:10:50,848 [restartedMain] INFO o.s.b.a.e.j.EndpointMBeanExporter - Located managed bean 'traceEndpoint': registering with JMX server as MBean [org.springframework.boot:type=Endpoint,name=traceEndpoint]
2018-12-17 16:10:50,850 [restartedMain] INFO o.s.b.a.e.j.EndpointMBeanExporter - Located managed bean 'dumpEndpoint': registering with JMX server as MBean [org.springframework.boot:type=Endpoint,name=dumpEndpoint]
2018-12-17 16:10:50,853 [restartedMain] INFO o.s.b.a.e.j.EndpointMBeanExporter - Located managed bean 'autoConfigurationReportEndpoint': registering with JMX server as MBean [org.springframework.boot:type=Endpoint,name=autoConfigurationReportEndpoint]
2018-12-17 16:10:50,855 [restartedMain] INFO o.s.b.a.e.j.EndpointMBeanExporter - Located managed bean 'configurationPropertiesReportEndpoint': registering with JMX server as MBean [org.springframework.boot:type=Endpoint,name=configurationPropertiesReportEndpoint]
2018-12-17 16:10:50,869 [restartedMain] INFO o.a.c.h.Http11NioProtocol - Initializing ProtocolHandler ["http-nio-8000"]
2018-12-17 16:10:50,877 [restartedMain] INFO o.a.c.h.Http11NioProtocol - Starting ProtocolHandler [http-nio-8000]
2018-12-17 16:10:50,880 [restartedMain] INFO o.a.t.u.n.NioSelectorPool - Using a shared selector for servlet write/read
2018-12-17 16:10:50,891 [restartedMain] INFO o.s.b.c.e.t.TomcatEmbeddedServletContainer - Tomcat started on port(s): 8000 (http)
2018-12-17 16:10:50,896 [restartedMain] INFO c.c.e.ExampleApplication - Started ExampleApplication in 2.375 seconds (JVM running for 2.862)
2018-12-17 16:11:18,902 [http-nio-8000-exec-1] INFO o.a.c.c.C.[.[.[/] - Initializing Spring FrameworkServlet 'dispatcherServlet'
2018-12-17 16:11:18,902 [http-nio-8000-exec-1] INFO o.s.w.s.DispatcherServlet - FrameworkServlet 'dispatcherServlet': initialization started
2018-12-17 16:11:18,914 [http-nio-8000-exec-1] INFO o.s.w.s.DispatcherServlet - FrameworkServlet 'dispatcherServlet': initialization completed in 12 ms
2018-12-17 16:11:18,952 [http-nio-8000-exec-1] ERROR c.c.e.UserController - ====> This is an error log
2018-12-17 16:11:18,952 [http-nio-8000-exec-1] INFO c.c.e.UserController - ====> This is an info log
2018-12-17 16:11:18,952 [http-nio-8000-exec-1] WARN c.c.e.UserController - ====> This is an warn log
2018-12-17 16:11:25,773 [http-nio-8000-exec-3] ERROR c.c.e.UserController - ====> This is an error log
2018-12-17 16:11:25,773 [http-nio-8000-exec-3] INFO c.c.e.UserController - ====> This is an info log
2018-12-17 16:11:25,773 [http-nio-8000-exec-3] WARN c.c.e.UserController - ====> This is an warn log
2018-12-17 16:12:19,815 [http-nio-8000-exec-6] ERROR c.c.e.UserController - ====> This is an error log
2018-12-17 16:12:19,815 [http-nio-8000-exec-6] INFO c.c.e.UserController - ====> This is an info log
2018-12-17 16:12:19,815 [http-nio-8000-exec-6] WARN c.c.e.UserController - ====> This is an warn log
2018-12-17 16:44:05,851 [Thread-13] INFO o.s.b.c.e.AnnotationConfigEmbeddedWebApplicationContext - Closing org.springframework.boot.context.embedded.AnnotationConfigEmbeddedWebApplicationContext@69bc5ee1: startup date [Mon Dec 17 16:10:48 BRST 2018]; root of context hierarchy
2018-12-17 16:44:05,856 [Thread-13] INFO o.s.c.s.DefaultLifecycleProcessor - Stopping beans in phase 0
2018-12-17 16:44:05,858 [Thread-13] INFO o.s.b.a.e.j.EndpointMBeanExporter - Unregistering JMX-exposed beans on shutdown
2018-12-17 16:44:05,859 [Thread-13] INFO o.s.b.a.e.j.EndpointMBeanExporter - Unregistering JMX-exposed beans
2018-12-17 16:44:05,861 [Thread-13] INFO o.s.j.e.a.AnnotationMBeanExporter - Unregistering JMX-exposed beans on shutdown
